terraform/challenges/challenge-05-gcp-only/android-project/app/build/intermediates/manifest_merge_blame_file/debug/manifest-merger-blame-debug-report.txt
1<?xml version="1.0" encoding="utf-8"?>
2<manifest xmlns:android="http://schemas.android.com/apk/res/android"
3    package="com.medicloudx.healthmanager"
4    android:versionCode="1"
5    android:versionName="1.0.0" >
6
7    <uses-sdk
8        android:minSdkVersion="24"
9        android:targetSdkVersion="31" />
10
11    <uses-permission android:name="android.permission.INTERNET" />
11-->src/main/AndroidManifest.xml:5:5-67
11-->src/main/AndroidManifest.xml:5:22-64
12    <uses-permission android:name="android.permission.ACCESS_NETWORK_STATE" />
12-->src/main/AndroidManifest.xml:6:5-79
12-->src/main/AndroidManifest.xml:6:22-76
13    <uses-permission android:name="android.permission.WAKE_LOCK" />
13-->src/main/AndroidManifest.xml:7:5-68
13-->src/main/AndroidManifest.xml:7:22-65
14    <uses-permission android:name="android.permission.POST_NOTIFICATIONS" /> <!-- Required by older versions of Google Play services to create IID tokens -->
14-->[com.google.firebase:firebase-messaging:23.3.1] AndroidManifest.xml:23:5-77
14-->[com.google.firebase:firebase-messaging:23.3.1] AndroidManifest.xml:23:22-74
15    <uses-permission android:name="com.google.android.c2dm.permission.RECEIVE" />
15-->[com.google.firebase:firebase-messaging:23.3.1] AndroidManifest.xml:26:5-82
15-->[com.google.firebase:firebase-messaging:23.3.1] AndroidManifest.xml:26:22-79
16    <uses-permission android:name="com.google.android.finsky.permission.BIND_GET_INSTALL_REFERRER_SERVICE" />
16-->[com.google.android.gms:play-services-measurement:21.5.0] AndroidManifest.xml:26:5-110
16-->[com.google.android.gms:play-services-measurement:21.5.0] AndroidManifest.xml:26:22-107
17    <uses-permission android:name="com.google.android.gms.permission.AD_ID" />
17-->[com.google.android.gms:play-services-measurement-api:21.5.0] AndroidManifest.xml:25:5-79
17-->[com.google.android.gms:play-services-measurement-api:21.5.0] AndroidManifest.xml:25:22-76
18    <uses-permission android:name="android.permission.ACCESS_ADSERVICES_ATTRIBUTION" />
18-->[com.google.android.gms:play-services-measurement-api:21.5.0] AndroidManifest.xml:26:5-88
18-->[com.google.android.gms:play-services-measurement-api:21.5.0] AndroidManifest.xml:26:22-85
19    <uses-permission android:name="android.permission.ACCESS_ADSERVICES_AD_ID" />
19-->[com.google.android.gms:play-services-measurement-api:21.5.0] AndroidManifest.xml:27:5-82
19-->[com.google.android.gms:play-services-measurement-api:21.5.0] AndroidManifest.xml:27:22-79
20
21    <permission
21-->[androidx.core:core:1.12.0] AndroidManifest.xml:22:5-24:47
22        android:name="com.medicloudx.healthmanager.DYNAMIC_RECEIVER_NOT_EXPORTED_PERMISSION"
22-->[androidx.core:core:1.12.0] AndroidManifest.xml:23:9-81
23        android:protectionLevel="signature" />
23-->[androidx.core:core:1.12.0] AndroidManifest.xml:24:9-44
24
25    <uses-permission android:name="com.medicloudx.healthmanager.DYNAMIC_RECEIVER_NOT_EXPORTED_PERMISSION" />
25-->[androidx.core:core:1.12.0] AndroidManifest.xml:26:5-97
25-->[androidx.core:core:1.12.0] AndroidManifest.xml:26:22-94
26
27    <application
27-->src/main/AndroidManifest.xml:9:5-80:19
28        android:allowBackup="true"
28-->src/main/AndroidManifest.xml:10:9-35
29        android:appComponentFactory="androidx.core.app.CoreComponentFactory"
29-->[androidx.core:core:1.12.0] AndroidManifest.xml:28:18-86
30        android:dataExtractionRules="@xml/data_extraction_rules"
30-->src/main/AndroidManifest.xml:11:9-65
31        android:debuggable="true"
32        android:extractNativeLibs="false"
33        android:fullBackupContent="@xml/backup_rules"
33-->src/main/AndroidManifest.xml:12:9-54
34        android:icon="@drawable/ic_launcher"
34-->src/main/AndroidManifest.xml:13:9-45
35        android:label="@string/app_name"
35-->src/main/AndroidManifest.xml:14:9-41
36        android:networkSecurityConfig="@xml/network_security_config"
36-->src/main/AndroidManifest.xml:18:9-69
37        android:roundIcon="@drawable/ic_launcher_round"
37-->src/main/AndroidManifest.xml:15:9-56
38        android:supportsRtl="true"
38-->src/main/AndroidManifest.xml:16:9-35
39        android:theme="@style/Theme.MediCloudXHealthManager" >
39-->src/main/AndroidManifest.xml:17:9-61
40
41        <!-- Login Activity (Launcher) -->
42        <activity
42-->src/main/AndroidManifest.xml:22:9-31:20
43            android:name="com.medicloudx.healthmanager.ui.auth.LoginActivity"
43-->src/main/AndroidManifest.xml:23:13-50
44            android:exported="true"
44-->src/main/AndroidManifest.xml:24:13-36
45            android:screenOrientation="portrait"
45-->src/main/AndroidManifest.xml:25:13-49
46            android:theme="@style/Theme.MediCloudXHealthManager.NoActionBar" >
46-->src/main/AndroidManifest.xml:26:13-77
47            <intent-filter>
47-->src/main/AndroidManifest.xml:27:13-30:29
48                <action android:name="android.intent.action.MAIN" />
48-->src/main/AndroidManifest.xml:28:17-69
48-->src/main/AndroidManifest.xml:28:25-66
49
50                <category android:name="android.intent.category.LAUNCHER" />
50-->src/main/AndroidManifest.xml:29:17-77
50-->src/main/AndroidManifest.xml:29:27-74
51            </intent-filter>
52        </activity>
53
54        <!-- Main Activity -->
55        <activity
55-->src/main/AndroidManifest.xml:34:9-38:80
56            android:name="com.medicloudx.healthmanager.ui.main.MainActivity"
56-->src/main/AndroidManifest.xml:35:13-49
57            android:exported="false"
57-->src/main/AndroidManifest.xml:36:13-37
58            android:screenOrientation="portrait"
58-->src/main/AndroidManifest.xml:37:13-49
59            android:theme="@style/Theme.MediCloudXHealthManager.NoActionBar" />
59-->src/main/AndroidManifest.xml:38:13-77
60
61        <!-- Patient Detail Activity -->
62        <activity
62-->src/main/AndroidManifest.xml:41:9-46:66
63            android:name="com.medicloudx.healthmanager.ui.patient.PatientDetailActivity"
63-->src/main/AndroidManifest.xml:42:13-61
64            android:exported="false"
64-->src/main/AndroidManifest.xml:43:13-37
65            android:parentActivityName="com.medicloudx.healthmanager.ui.main.MainActivity"
65-->src/main/AndroidManifest.xml:46:13-63
66            android:screenOrientation="portrait"
66-->src/main/AndroidManifest.xml:44:13-49
67            android:theme="@style/Theme.MediCloudXHealthManager.NoActionBar" />
67-->src/main/AndroidManifest.xml:45:13-77
68
69        <!-- Add Patient Activity -->
70        <activity
70-->src/main/AndroidManifest.xml:49:9-54:66
71            android:name="com.medicloudx.healthmanager.ui.patient.AddPatientActivity"
71-->src/main/AndroidManifest.xml:50:13-58
72            android:exported="false"
72-->src/main/AndroidManifest.xml:51:13-37
73            android:parentActivityName="com.medicloudx.healthmanager.ui.main.MainActivity"
73-->src/main/AndroidManifest.xml:54:13-63
74            android:screenOrientation="portrait"
74-->src/main/AndroidManifest.xml:52:13-49
75            android:theme="@style/Theme.MediCloudXHealthManager.NoActionBar" />
75-->src/main/AndroidManifest.xml:53:13-77
76
77        <!-- Settings Activity -->
78        <activity
78-->src/main/AndroidManifest.xml:57:9-61:66
79            android:name="com.medicloudx.healthmanager.ui.settings.SettingsActivity"
79-->src/main/AndroidManifest.xml:58:13-57
80            android:exported="false"
80-->src/main/AndroidManifest.xml:59:13-37
81            android:parentActivityName="com.medicloudx.healthmanager.ui.main.MainActivity"
81-->src/main/AndroidManifest.xml:61:13-63
82            android:screenOrientation="portrait" />
82-->src/main/AndroidManifest.xml:60:13-49
83
84        <!-- Firebase services -->
85        <service
85-->src/main/AndroidManifest.xml:64:9-70:19
86            android:name="com.medicloudx.healthmanager.services.MediCloudXFirebaseMessagingService"
86-->src/main/AndroidManifest.xml:65:13-72
87            android:exported="false" >
87-->src/main/AndroidManifest.xml:66:13-37
88            <intent-filter>
88-->src/main/AndroidManifest.xml:67:13-69:29
89                <action android:name="com.google.firebase.MESSAGING_EVENT" />
89-->src/main/AndroidManifest.xml:68:17-78
89-->src/main/AndroidManifest.xml:68:25-75
90            </intent-filter>
91        </service>
92
93        <meta-data
93-->src/main/AndroidManifest.xml:72:9-74:60
94            android:name="com.google.firebase.messaging.default_notification_icon"
94-->src/main/AndroidManifest.xml:73:13-83
95            android:resource="@drawable/ic_notification" />
95-->src/main/AndroidManifest.xml:74:13-57
96        <meta-data
96-->src/main/AndroidManifest.xml:76:9-78:54
97            android:name="com.google.firebase.messaging.default_notification_color"
97-->src/main/AndroidManifest.xml:77:13-84
98            android:resource="@color/colorPrimary" />
98-->src/main/AndroidManifest.xml:78:13-51
99
100        <service
100-->[com.google.firebase:firebase-crashlytics:18.6.0] AndroidManifest.xml:12:9-21:19
101            android:name="com.google.firebase.components.ComponentDiscoveryService"
101-->[com.google.firebase:firebase-crashlytics:18.6.0] AndroidManifest.xml:13:13-84
102            android:directBootAware="true"
102-->[com.google.firebase:firebase-common:20.4.2] AndroidManifest.xml:32:13-43
103            android:exported="false" >
103-->[com.google.firebase:firebase-crashlytics:18.6.0] AndroidManifest.xml:14:13-37
104            <meta-data
104-->[com.google.firebase:firebase-crashlytics:18.6.0] AndroidManifest.xml:15:13-17:85
105                android:name="com.google.firebase.components:com.google.firebase.crashlytics.FirebaseCrashlyticsKtxRegistrar"
105-->[com.google.firebase:firebase-crashlytics:18.6.0] AndroidManifest.xml:16:17-126
106                android:value="com.google.firebase.components.ComponentRegistrar" />
106-->[com.google.firebase:firebase-crashlytics:18.6.0] AndroidManifest.xml:17:17-82
107            <meta-data
107-->[com.google.firebase:firebase-crashlytics:18.6.0] AndroidManifest.xml:18:13-20:85
108                android:name="com.google.firebase.components:com.google.firebase.crashlytics.CrashlyticsRegistrar"
108-->[com.google.firebase:firebase-crashlytics:18.6.0] AndroidManifest.xml:19:17-115
109                android:value="com.google.firebase.components.ComponentRegistrar" />
109-->[com.google.firebase:firebase-crashlytics:18.6.0] AndroidManifest.xml:20:17-82
110            <meta-data
110-->[com.google.firebase:firebase-auth:22.3.0] AndroidManifest.xml:69:13-71:85
111                android:name="com.google.firebase.components:com.google.firebase.auth.FirebaseAuthRegistrar"
111-->[com.google.firebase:firebase-auth:22.3.0] AndroidManifest.xml:70:17-109
112                android:value="com.google.firebase.components.ComponentRegistrar" />
112-->[com.google.firebase:firebase-auth:22.3.0] AndroidManifest.xml:71:17-82
113            <meta-data
113-->[com.google.firebase:firebase-firestore:24.9.1] AndroidManifest.xml:17:13-19:85
114                android:name="com.google.firebase.components:com.google.firebase.firestore.FirebaseFirestoreKtxRegistrar"
114-->[com.google.firebase:firebase-firestore:24.9.1] AndroidManifest.xml:18:17-122
115                android:value="com.google.firebase.components.ComponentRegistrar" />
115-->[com.google.firebase:firebase-firestore:24.9.1] AndroidManifest.xml:19:17-82
116            <meta-data
116-->[com.google.firebase:firebase-firestore:24.9.1] AndroidManifest.xml:20:13-22:85
117                android:name="com.google.firebase.components:com.google.firebase.firestore.FirestoreRegistrar"
117-->[com.google.firebase:firebase-firestore:24.9.1] AndroidManifest.xml:21:17-111
118                android:value="com.google.firebase.components.ComponentRegistrar" />
118-->[com.google.firebase:firebase-firestore:24.9.1] AndroidManifest.xml:22:17-82
119            <meta-data
119-->[com.google.firebase:firebase-messaging:23.3.1] AndroidManifest.xml:57:13-59:85
120                android:name="com.google.firebase.components:com.google.firebase.messaging.FirebaseMessagingKtxRegistrar"
120-->[com.google.firebase:firebase-messaging:23.3.1] AndroidManifest.xml:58:17-122
121                android:value="com.google.firebase.components.ComponentRegistrar" />
121-->[com.google.firebase:firebase-messaging:23.3.1] AndroidManifest.xml:59:17-82
122            <meta-data
122-->[com.google.firebase:firebase-messaging:23.3.1] AndroidManifest.xml:60:13-62:85
123                android:name="com.google.firebase.components:com.google.firebase.messaging.FirebaseMessagingRegistrar"
123-->[com.google.firebase:firebase-messaging:23.3.1] AndroidManifest.xml:61:17-119
124                android:value="com.google.firebase.components.ComponentRegistrar" />
124-->[com.google.firebase:firebase-messaging:23.3.1] AndroidManifest.xml:62:17-82
125            <meta-data
125-->[com.google.android.gms:play-services-measurement-api:21.5.0] AndroidManifest.xml:37:13-39:85
126                android:name="com.google.firebase.components:com.google.firebase.analytics.connector.internal.AnalyticsConnectorRegistrar"
126-->[com.google.android.gms:play-services-measurement-api:21.5.0] AndroidManifest.xml:38:17-139
127                android:value="com.google.firebase.components.ComponentRegistrar" />
127-->[com.google.android.gms:play-services-measurement-api:21.5.0] AndroidManifest.xml:39:17-82
128            <meta-data
128-->[com.google.firebase:firebase-config:21.6.0] AndroidManifest.xml:29:13-31:85
129                android:name="com.google.firebase.components:com.google.firebase.remoteconfig.FirebaseRemoteConfigKtxRegistrar"
129-->[com.google.firebase:firebase-config:21.6.0] AndroidManifest.xml:30:17-128
130                android:value="com.google.firebase.components.ComponentRegistrar" />
130-->[com.google.firebase:firebase-config:21.6.0] AndroidManifest.xml:31:17-82
131            <meta-data
131-->[com.google.firebase:firebase-config:21.6.0] AndroidManifest.xml:32:13-34:85
132                android:name="com.google.firebase.components:com.google.firebase.remoteconfig.RemoteConfigRegistrar"
132-->[com.google.firebase:firebase-config:21.6.0] AndroidManifest.xml:33:17-117
133                android:value="com.google.firebase.components.ComponentRegistrar" />
133-->[com.google.firebase:firebase-config:21.6.0] AndroidManifest.xml:34:17-82
134            <meta-data
134-->[com.google.firebase:firebase-sessions:1.2.0] AndroidManifest.xml:29:13-31:85
135                android:name="com.google.firebase.components:com.google.firebase.sessions.FirebaseSessionsRegistrar"
135-->[com.google.firebase:firebase-sessions:1.2.0] AndroidManifest.xml:30:17-117
136                android:value="com.google.firebase.components.ComponentRegistrar" />
136-->[com.google.firebase:firebase-sessions:1.2.0] AndroidManifest.xml:31:17-82
137            <meta-data
137-->[com.google.firebase:firebase-installations:17.2.0] AndroidManifest.xml:15:13-17:85
138                android:name="com.google.firebase.components:com.google.firebase.installations.FirebaseInstallationsKtxRegistrar"
138-->[com.google.firebase:firebase-installations:17.2.0] AndroidManifest.xml:16:17-130
139                android:value="com.google.firebase.components.ComponentRegistrar" />
139-->[com.google.firebase:firebase-installations:17.2.0] AndroidManifest.xml:17:17-82
140            <meta-data
140-->[com.google.firebase:firebase-installations:17.2.0] AndroidManifest.xml:18:13-20:85
141                android:name="com.google.firebase.components:com.google.firebase.installations.FirebaseInstallationsRegistrar"
141-->[com.google.firebase:firebase-installations:17.2.0] AndroidManifest.xml:19:17-127
142                android:value="com.google.firebase.components.ComponentRegistrar" />
142-->[com.google.firebase:firebase-installations:17.2.0] AndroidManifest.xml:20:17-82
143            <meta-data
143-->[com.google.firebase:firebase-common-ktx:20.4.2] AndroidManifest.xml:12:13-14:85
144                android:name="com.google.firebase.components:com.google.firebase.ktx.FirebaseCommonLegacyRegistrar"
144-->[com.google.firebase:firebase-common-ktx:20.4.2] AndroidManifest.xml:13:17-116
145                android:value="com.google.firebase.components.ComponentRegistrar" />
145-->[com.google.firebase:firebase-common-ktx:20.4.2] AndroidManifest.xml:14:17-82
146            <meta-data
146-->[com.google.firebase:firebase-common:20.4.2] AndroidManifest.xml:35:13-37:85
147                android:name="com.google.firebase.components:com.google.firebase.FirebaseCommonKtxRegistrar"
147-->[com.google.firebase:firebase-common:20.4.2] AndroidManifest.xml:36:17-109
148                android:value="com.google.firebase.components.ComponentRegistrar" />
148-->[com.google.firebase:firebase-common:20.4.2] AndroidManifest.xml:37:17-82
149            <meta-data
149-->[com.google.firebase:firebase-abt:21.1.1] AndroidManifest.xml:12:13-14:85
150                android:name="com.google.firebase.components:com.google.firebase.abt.component.AbtRegistrar"
150-->[com.google.firebase:firebase-abt:21.1.1] AndroidManifest.xml:13:17-109
151                android:value="com.google.firebase.components.ComponentRegistrar" />
151-->[com.google.firebase:firebase-abt:21.1.1] AndroidManifest.xml:14:17-82
152            <meta-data
152-->[com.google.firebase:firebase-datatransport:18.1.8] AndroidManifest.xml:27:13-29:85
153                android:name="com.google.firebase.components:com.google.firebase.datatransport.TransportRegistrar"
153-->[com.google.firebase:firebase-datatransport:18.1.8] AndroidManifest.xml:28:17-115
154                android:value="com.google.firebase.components.ComponentRegistrar" />
154-->[com.google.firebase:firebase-datatransport:18.1.8] AndroidManifest.xml:29:17-82
155        </service>
156
157        <activity
157-->[com.google.firebase:firebase-auth:22.3.0] AndroidManifest.xml:29:9-46:20
158            android:name="com.google.firebase.auth.internal.GenericIdpActivity"
158-->[com.google.firebase:firebase-auth:22.3.0] AndroidManifest.xml:30:13-80
159            android:excludeFromRecents="true"
159-->[com.google.firebase:firebase-auth:22.3.0] AndroidManifest.xml:31:13-46
160            android:exported="true"
160-->[com.google.firebase:firebase-auth:22.3.0] AndroidManifest.xml:32:13-36
161            android:launchMode="singleTask"
161-->[com.google.firebase:firebase-auth:22.3.0] AndroidManifest.xml:33:13-44
162            android:theme="@android:style/Theme.Translucent.NoTitleBar" >
162-->[com.google.firebase:firebase-auth:22.3.0] AndroidManifest.xml:34:13-72
163            <intent-filter>
163-->[com.google.firebase:firebase-auth:22.3.0] AndroidManifest.xml:35:13-45:29
164                <action android:name="android.intent.action.VIEW" />
164-->[com.google.firebase:firebase-auth:22.3.0] AndroidManifest.xml:36:17-69
164-->[com.google.firebase:firebase-auth:22.3.0] AndroidManifest.xml:36:25-66
165
166                <category android:name="android.intent.category.DEFAULT" />
166-->[com.google.firebase:firebase-auth:22.3.0] AndroidManifest.xml:38:17-76
166-->[com.google.firebase:firebase-auth:22.3.0] AndroidManifest.xml:38:27-73
167                <category android:name="android.intent.category.BROWSABLE" />
167-->[com.google.firebase:firebase-auth:22.3.0] AndroidManifest.xml:39:17-78
167-->[com.google.firebase:firebase-auth:22.3.0] AndroidManifest.xml:39:27-75
168
169                <data
169-->[com.google.firebase:firebase-auth:22.3.0] AndroidManifest.xml:41:17-44:51
170                    android:host="firebase.auth"
170-->[com.google.firebase:firebase-auth:22.3.0] AndroidManifest.xml:42:21-49
171                    android:path="/"
171-->[com.google.firebase:firebase-auth:22.3.0] AndroidManifest.xml:43:21-37
172                    android:scheme="genericidp" />
172-->[com.google.firebase:firebase-auth:22.3.0] AndroidManifest.xml:44:21-48
173            </intent-filter>
174        </activity>
175        <activity
175-->[com.google.firebase:firebase-auth:22.3.0] AndroidManifest.xml:47:9-64:20
176            android:name="com.google.firebase.auth.internal.RecaptchaActivity"
176-->[com.google.firebase:firebase-auth:22.3.0] AndroidManifest.xml:48:13-79
177            android:excludeFromRecents="true"
177-->[com.google.firebase:firebase-auth:22.3.0] AndroidManifest.xml:49:13-46
178            android:exported="true"
178-->[com.google.firebase:firebase-auth:22.3.0] AndroidManifest.xml:50:13-36
179            android:launchMode="singleTask"
179-->[com.google.firebase:firebase-auth:22.3.0] AndroidManifest.xml:51:13-44
180            android:theme="@android:style/Theme.Translucent.NoTitleBar" >
180-->[com.google.firebase:firebase-auth:22.3.0] AndroidManifest.xml:52:13-72
181            <intent-filter>
181-->[com.google.firebase:firebase-auth:22.3.0] AndroidManifest.xml:53:13-63:29
182                <action android:name="android.intent.action.VIEW" />
182-->[com.google.firebase:firebase-auth:22.3.0] AndroidManifest.xml:36:17-69
182-->[com.google.firebase:firebase-auth:22.3.0] AndroidManifest.xml:36:25-66
183
184                <category android:name="android.intent.category.DEFAULT" />
184-->[com.google.firebase:firebase-auth:22.3.0] AndroidManifest.xml:38:17-76
184-->[com.google.firebase:firebase-auth:22.3.0] AndroidManifest.xml:38:27-73
185                <category android:name="android.intent.category.BROWSABLE" />
185-->[com.google.firebase:firebase-auth:22.3.0] AndroidManifest.xml:39:17-78
185-->[com.google.firebase:firebase-auth:22.3.0] AndroidManifest.xml:39:27-75
186
187                <data
187-->[com.google.firebase:firebase-auth:22.3.0] AndroidManifest.xml:41:17-44:51
188                    android:host="firebase.auth"
188-->[com.google.firebase:firebase-auth:22.3.0] AndroidManifest.xml:42:21-49
189                    android:path="/"
189-->[com.google.firebase:firebase-auth:22.3.0] AndroidManifest.xml:43:21-37
190                    android:scheme="recaptcha" />
190-->[com.google.firebase:firebase-auth:22.3.0] AndroidManifest.xml:44:21-48
191            </intent-filter>
192        </activity>
193
194        <receiver
194-->[com.google.firebase:firebase-messaging:23.3.1] AndroidManifest.xml:29:9-40:20
195            android:name="com.google.firebase.iid.FirebaseInstanceIdReceiver"
195-->[com.google.firebase:firebase-messaging:23.3.1] AndroidManifest.xml:30:13-78
196            android:exported="true"
196-->[com.google.firebase:firebase-messaging:23.3.1] AndroidManifest.xml:31:13-36
197            android:permission="com.google.android.c2dm.permission.SEND" >
197-->[com.google.firebase:firebase-messaging:23.3.1] AndroidManifest.xml:32:13-73
198            <intent-filter>
198-->[com.google.firebase:firebase-messaging:23.3.1] AndroidManifest.xml:33:13-35:29
199                <action android:name="com.google.android.c2dm.intent.RECEIVE" />
199-->[com.google.firebase:firebase-messaging:23.3.1] AndroidManifest.xml:34:17-81
199-->[com.google.firebase:firebase-messaging:23.3.1] AndroidManifest.xml:34:25-78
200            </intent-filter>
201
202            <meta-data
202-->[com.google.firebase:firebase-messaging:23.3.1] AndroidManifest.xml:37:13-39:40
203                android:name="com.google.android.gms.cloudmessaging.FINISHED_AFTER_HANDLED"
203-->[com.google.firebase:firebase-messaging:23.3.1] AndroidManifest.xml:38:17-92
204                android:value="true" />
204-->[com.google.firebase:firebase-messaging:23.3.1] AndroidManifest.xml:39:17-37
205        </receiver>
206        <!--
207             FirebaseMessagingService performs security checks at runtime,
208             but set to not exported to explicitly avoid allowing another app to call it.
209        -->
210        <service
210-->[com.google.firebase:firebase-messaging:23.3.1] AndroidManifest.xml:46:9-53:19
211            android:name="com.google.firebase.messaging.FirebaseMessagingService"
211-->[com.google.firebase:firebase-messaging:23.3.1] AndroidManifest.xml:47:13-82
212            android:directBootAware="true"
212-->[com.google.firebase:firebase-messaging:23.3.1] AndroidManifest.xml:48:13-43
213            android:exported="false" >
213-->[com.google.firebase:firebase-messaging:23.3.1] AndroidManifest.xml:49:13-37
214            <intent-filter android:priority="-500" >
214-->src/main/AndroidManifest.xml:67:13-69:29
215                <action android:name="com.google.firebase.MESSAGING_EVENT" />
215-->src/main/AndroidManifest.xml:68:17-78
215-->src/main/AndroidManifest.xml:68:25-75
216            </intent-filter>
217        </service>
218
219        <receiver
219-->[com.google.android.gms:play-services-measurement:21.5.0] AndroidManifest.xml:29:9-33:20
220            android:name="com.google.android.gms.measurement.AppMeasurementReceiver"
220-->[com.google.android.gms:play-services-measurement:21.5.0] AndroidManifest.xml:30:13-85
221            android:enabled="true"
221-->[com.google.android.gms:play-services-measurement:21.5.0] AndroidManifest.xml:31:13-35
222            android:exported="false" >
222-->[com.google.android.gms:play-services-measurement:21.5.0] AndroidManifest.xml:32:13-37
223        </receiver>
224
225        <service
225-->[com.google.android.gms:play-services-measurement:21.5.0] AndroidManifest.xml:35:9-38:40
226            android:name="com.google.android.gms.measurement.AppMeasurementService"
226-->[com.google.android.gms:play-services-measurement:21.5.0] AndroidManifest.xml:36:13-84
227            android:enabled="true"
227-->[com.google.android.gms:play-services-measurement:21.5.0] AndroidManifest.xml:37:13-35
228            android:exported="false" />
228-->[com.google.android.gms:play-services-measurement:21.5.0] AndroidManifest.xml:38:13-37
229        <service
229-->[com.google.android.gms:play-services-measurement:21.5.0] AndroidManifest.xml:39:9-43:72
230            android:name="com.google.android.gms.measurement.AppMeasurementJobService"
230-->[com.google.android.gms:play-services-measurement:21.5.0] AndroidManifest.xml:40:13-87
231            android:enabled="true"
231-->[com.google.android.gms:play-services-measurement:21.5.0] AndroidManifest.xml:41:13-35
232            android:exported="false"
232-->[com.google.android.gms:play-services-measurement:21.5.0] AndroidManifest.xml:42:13-37
233            android:permission="android.permission.BIND_JOB_SERVICE" />
233-->[com.google.android.gms:play-services-measurement:21.5.0] AndroidManifest.xml:43:13-69
234
235        <property
235-->[com.google.android.gms:play-services-measurement-api:21.5.0] AndroidManifest.xml:30:9-32:61
236            android:name="android.adservices.AD_SERVICES_CONFIG"
236-->[com.google.android.gms:play-services-measurement-api:21.5.0] AndroidManifest.xml:31:13-65
237            android:resource="@xml/ga_ad_services_config" />
237-->[com.google.android.gms:play-services-measurement-api:21.5.0] AndroidManifest.xml:32:13-58
238
239        <service
239-->[com.google.firebase:firebase-sessions:1.2.0] AndroidManifest.xml:22:9-25:40
240            android:name="com.google.firebase.sessions.SessionLifecycleService"
240-->[com.google.firebase:firebase-sessions:1.2.0] AndroidManifest.xml:23:13-80
241            android:enabled="true"
241-->[com.google.firebase:firebase-sessions:1.2.0] AndroidManifest.xml:24:13-35
242            android:exported="false" />
242-->[com.google.firebase:firebase-sessions:1.2.0] AndroidManifest.xml:25:13-37
243
244        <provider
244-->[com.google.firebase:firebase-common:20.4.2] AndroidManifest.xml:23:9-28:39
245            android:name="com.google.firebase.provider.FirebaseInitProvider"
245-->[com.google.firebase:firebase-common:20.4.2] AndroidManifest.xml:24:13-77
246            android:authorities="com.medicloudx.healthmanager.firebaseinitprovider"
246-->[com.google.firebase:firebase-common:20.4.2] AndroidManifest.xml:25:13-72
247            android:directBootAware="true"
247-->[com.google.firebase:firebase-common:20.4.2] AndroidManifest.xml:26:13-43
248            android:exported="false"
248-->[com.google.firebase:firebase-common:20.4.2] AndroidManifest.xml:27:13-37
249            android:initOrder="100" />
249-->[com.google.firebase:firebase-common:20.4.2] AndroidManifest.xml:28:13-36
250
251        <activity
251-->[com.google.android.gms:play-services-base:18.0.1] AndroidManifest.xml:20:9-22:45
252            android:name="com.google.android.gms.common.api.GoogleApiActivity"
252-->[com.google.android.gms:play-services-base:18.0.1] AndroidManifest.xml:20:19-85
253            android:exported="false"
253-->[com.google.android.gms:play-services-base:18.0.1] AndroidManifest.xml:22:19-43
254            android:theme="@android:style/Theme.Translucent.NoTitleBar" />
254-->[com.google.android.gms:play-services-base:18.0.1] AndroidManifest.xml:21:19-78
255
256        <provider
256-->[androidx.emoji2:emoji2:1.2.0] AndroidManifest.xml:24:9-32:20
257            android:name="androidx.startup.InitializationProvider"
257-->[androidx.emoji2:emoji2:1.2.0] AndroidManifest.xml:25:13-67
258            android:authorities="com.medicloudx.healthmanager.androidx-startup"
258-->[androidx.emoji2:emoji2:1.2.0] AndroidManifest.xml:26:13-68
259            android:exported="false" >
259-->[androidx.emoji2:emoji2:1.2.0] AndroidManifest.xml:27:13-37
260            <meta-data
260-->[androidx.emoji2:emoji2:1.2.0] AndroidManifest.xml:29:13-31:52
261                android:name="androidx.emoji2.text.EmojiCompatInitializer"
261-->[androidx.emoji2:emoji2:1.2.0] AndroidManifest.xml:30:17-75
262                android:value="androidx.startup" />
262-->[androidx.emoji2:emoji2:1.2.0] AndroidManifest.xml:31:17-49
263            <meta-data
263-->[androidx.lifecycle:lifecycle-process:2.7.0] AndroidManifest.xml:29:13-31:52
264                android:name="androidx.lifecycle.ProcessLifecycleInitializer"
264-->[androidx.lifecycle:lifecycle-process:2.7.0] AndroidManifest.xml:30:17-78
265                android:value="androidx.startup" />
265-->[androidx.lifecycle:lifecycle-process:2.7.0] AndroidManifest.xml:31:17-49